2024-04-22 16:17:42,578 INFO o.s.t.c.s.AbstractTestContextBootstrapper [main] Neither @ContextConfiguration nor @ContextHierarchy found for test class [com.todoapp.todoapp.integration.impl.UserServiceIT], using SpringBootContextLoader
2024-04-22 16:17:42,586 INFO o.s.t.c.s.AbstractContextLoader [main] Could not detect default resource locations for test class [com.todoapp.todoapp.integration.impl.UserServiceIT]: no resource found for suffixes {-context.xml, Context.groovy}.
2024-04-22 16:17:42,749 INFO o.s.t.c.s.AbstractTestContextBootstrapper [main] Loaded default TestExecutionListener class names from location [META-INF/spring.factories]: [org.springframework.test.context.web.ServletTestExecutionListener, org.springframework.test.context.support.DirtiesContextBeforeModesTestExecutionListener, org.springframework.test.context.event.ApplicationEventsTestExecutionListener, org.springframework.test.context.support.DependencyInjectionTestExecutionListener, org.springframework.test.context.support.DirtiesContextTestExecutionListener, org.springframework.test.context.transaction.TransactionalTestExecutionListener, org.springframework.test.context.jdbc.SqlScriptsTestExecutionListener, org.springframework.test.context.event.EventPublishingTestExecutionListener, org.springframework.boot.test.autoconfigure.restdocs.RestDocsTestExecutionListener, org.springframework.boot.test.autoconfigure.web.client.MockRestServiceServerResetTestExecutionListener, org.springframework.boot.test.autoconfigure.web.servlet.MockMvcPrintOnlyOnFailureTestExecutionListener, org.springframework.boot.test.autoconfigure.web.servlet.WebDriverTestExecutionListener, org.springframework.boot.test.autoconfigure.webservices.client.MockWebServiceServerTestExecutionListener, org.springframework.security.test.context.support.WithSecurityContextTestExecutionListener, org.springframework.security.test.context.support.ReactorContextTestExecutionListener, org.springframework.boot.test.mock.mockito.MockitoTestExecutionListener, org.springframework.boot.test.mock.mockito.ResetMocksTestExecutionListener]
2024-04-22 16:17:42,775 INFO o.s.t.c.s.AbstractTestContextBootstrapper [main] Using TestExecutionListeners: [org.springframework.test.context.web.ServletTestExecutionListener@42b02722, org.springframework.test.context.support.DirtiesContextBeforeModesTestExecutionListener@d62fe5b, org.springframework.test.context.event.ApplicationEventsTestExecutionListener@49964d75, org.springframework.boot.test.mock.mockito.MockitoTestExecutionListener@528c868, org.springframework.boot.test.autoconfigure.SpringBootDependencyInjectionTestExecutionListener@466276d8, org.springframework.test.context.support.DirtiesContextTestExecutionListener@5ce8d869, org.springframework.test.context.transaction.TransactionalTestExecutionListener@27eedb64, org.springframework.test.context.jdbc.SqlScriptsTestExecutionListener@64c63c79, org.springframework.test.context.event.EventPublishingTestExecutionListener@31c7528f, org.springframework.security.test.context.support.WithSecurityContextTestExecutionListener@2b76ff4e, org.springframework.security.test.context.support.ReactorContextTestExecutionListener@7a1234bf, org.springframework.boot.test.autoconfigure.restdocs.RestDocsTestExecutionListener@2f62ea70, org.springframework.boot.test.autoconfigure.web.client.MockRestServiceServerResetTestExecutionListener@24ba9639, org.springframework.boot.test.autoconfigure.web.servlet.MockMvcPrintOnlyOnFailureTestExecutionListener@38aa816f, org.springframework.boot.test.autoconfigure.web.servlet.WebDriverTestExecutionListener@53f6fd09, org.springframework.boot.test.autoconfigure.webservices.client.MockWebServiceServerTestExecutionListener@6bffbc6d, org.springframework.boot.test.mock.mockito.ResetMocksTestExecutionListener@1b84f475]
2024-04-22 16:17:43,071 INFO o.h.v.i.u.Version [background-preinit] HV000001: Hibernate Validator 6.1.7.Final
2024-04-22 16:17:43,122 INFO o.s.b.StartupInfoLogger [main] Starting UserServiceIT using Java 1.8.0_401 on LTUGPLTP0160 with PID 24148 (started by ignas.brazaitis in C:\Users\ignas.brazaitis\Desktop\todoapp)
2024-04-22 16:17:43,128 INFO o.s.b.SpringApplication [main] No active profile set, falling back to default profiles: default
2024-04-22 16:17:44,360 INFO o.s.d.r.c.RepositoryConfigurationDelegate [main] Bootstrapping Spring Data JPA repositories in DEFAULT mode.
2024-04-22 16:17:44,444 INFO o.s.d.r.c.RepositoryConfigurationDelegate [main] Finished Spring Data repository scanning in 75 ms. Found 2 JPA repository interfaces.
2024-04-22 16:17:45,556 INFO o.h.j.i.u.LogHelper [main] HHH000204: Processing PersistenceUnitInfo [name: default]
2024-04-22 16:17:45,617 INFO o.h.Version [main] HHH000412: Hibernate ORM core version 5.4.27.Final
2024-04-22 16:17:45,663 INFO o.h.a.c.r.j.JavaReflectionManager [main] HCANN000001: Hibernate Commons Annotations {5.1.2.Final}
2024-04-22 16:17:45,999 INFO c.z.h.HikariDataSource [main] HikariPool-1 - Starting...
2024-04-22 16:17:46,669 INFO c.z.h.HikariDataSource [main] HikariPool-1 - Start completed.
2024-04-22 16:17:46,702 INFO o.h.d.Dialect [main] HHH000400: Using dialect: org.hibernate.dialect.MySQL8Dialect
2024-04-22 16:17:47,428 INFO o.h.e.t.j.p.i.JtaPlatformInitiator [main] HHH000490: Using JtaPlatform implementation: [org.hibernate.engine.transaction.jta.platform.internal.NoJtaPlatform]
2024-04-22 16:17:47,437 INFO o.s.o.j.AbstractEntityManagerFactoryBean [main] Initialized JPA EntityManagerFactory for persistence unit 'default'
2024-04-22 16:17:47,890 WARN o.s.b.a.o.j.JpaBaseConfiguration$JpaWebConfiguration [main] spring.jpa.open-in-view is enabled by default. Therefore, database queries may be performed during view rendering. Explicitly configure spring.jpa.open-in-view to disable this warning
2024-04-22 16:17:49,440 INFO o.s.s.w.DefaultSecurityFilterChain [main] Will secure any request with [org.springframework.security.web.context.request.async.WebAsyncManagerIntegrationFilter@3d01ea33, org.springframework.security.web.context.SecurityContextPersistenceFilter@7fc56d61, org.springframework.security.web.header.HeaderWriterFilter@3bc3d70e, org.springframework.security.web.authentication.logout.LogoutFilter@67292fc7, org.springframework.security.web.savedrequest.RequestCacheAwareFilter@6074d638, org.springframework.security.web.servletapi.SecurityContextHolderAwareRequestFilter@3b839f68, org.springframework.security.web.authentication.AnonymousAuthenticationFilter@73b3ce31, org.springframework.security.web.session.SessionManagementFilter@189e96af, org.springframework.security.web.access.ExceptionTranslationFilter@2914a328, org.springframework.security.web.access.intercept.FilterSecurityInterceptor@7f8f5d37]
2024-04-22 16:17:50,172 INFO o.s.s.c.ExecutorConfigurationSupport [main] Initializing ExecutorService 'applicationTaskExecutor'
2024-04-22 16:17:51,004 INFO o.s.b.StartupInfoLogger [main] Started UserServiceIT in 8.184 seconds (JVM running for 9.769)
2024-04-22 16:17:51,165 INFO c.t.t.b.s.i.UserServiceImpl [main] Saving user: Testing
2024-04-22 16:17:51,172 INFO c.t.t.b.s.i.UserServiceImpl [main] User saved successfully Testing
2024-04-22 16:17:51,304 INFO c.t.t.b.s.i.UserServiceImpl [main] Getting all users
2024-04-22 16:17:51,335 INFO c.t.t.b.s.i.UserServiceImpl [main] Updating user with id 1
2024-04-22 16:17:51,336 INFO c.t.t.b.s.i.UserServiceImpl [main] User with id 1 was updated successfully
2024-04-22 16:17:51,349 INFO c.t.t.b.s.i.UserServiceImpl [main] Getting user by id 1
2024-04-22 16:17:51,357 INFO c.t.t.b.s.i.UserServiceImpl [main] Getting user by id 1
2024-04-22 16:17:51,371 INFO c.t.t.b.s.i.UserServiceImpl [main] Deleting user by id 1
2024-04-22 16:17:51,372 INFO c.t.t.b.s.i.UserServiceImpl [main] User with id 1 was deleted successfully
2024-04-22 16:17:51,438 INFO o.s.s.c.ExecutorConfigurationSupport [SpringContextShutdownHook] Shutting down ExecutorService 'applicationTaskExecutor'
2024-04-22 16:17:51,444 INFO o.s.o.j.AbstractEntityManagerFactoryBean [SpringContextShutdownHook] Closing JPA EntityManagerFactory for persistence unit 'default'
2024-04-22 16:17:51,450 INFO c.z.h.HikariDataSource [SpringContextShutdownHook] HikariPool-1 - Shutdown initiated...
2024-04-22 16:17:51,476 INFO c.z.h.HikariDataSource [SpringContextShutdownHook] HikariPool-1 - Shutdown completed.
